{"/Users/zhangyue/Desktop/black/lib/date.ts": {"path":"/Users/zhangyue/Desktop/black/lib/date.ts","statementMap":{"0":{"start":{"line":6,"column":13},"end":{"line":31,"column":2}},"1":{"start":{"line":10,"column":17},"end":{"line":10,"column":40}},"2":{"start":{"line":11,"column":25},"end":{"line":19,"column":6}},"3":{"start":{"line":20,"column":4},"end":{"line":29,"column":null}},"4":{"start":{"line":22,"column":8},"end":{"line":28,"column":null}},"5":{"start":{"line":23,"column":25},"end":{"line":23,"column":70}},"6":{"start":{"line":24,"column":12},"end":{"line":27,"column":14}},"7":{"start":{"line":30,"column":4},"end":{"line":30,"column":19}}},"fnMap":{"0":{"name":"(anonymous_0)","decl":{"start":{"line":6,"column":32},"end":{"line":6,"column":null}},"loc":{"start":{"line":9,"column":4},"end":{"line":31,"column":1}}}},"branchMap":{"0":{"loc":{"start":{"line":8,"column":14},"end":{"line":8,"column":35}},"type":"default-arg","locations":[{"start":{"line":8,"column":14},"end":{"line":8,"column":35}}]},"1":{"loc":{"start":{"line":22,"column":8},"end":{"line":28,"column":null}},"type":"if","locations":[{"start":{"line":22,"column":8},"end":{"line":28,"column":null}},{"start":{"line":22,"column":8},"end":{"line":28,"column":null}}]},"2":{"loc":{"start":{"line":26,"column":23},"end":{"line":26,"column":55}},"type":"cond-expr","locations":[{"start":{"line":26,"column":23},"end":{"line":26,"column":55}},{"start":{"line":26,"column":58},"end":{"line":26,"column":71}}]}},"s":{"0":1,"1":1,"2":1,"3":1,"4":7,"5":6,"6":6,"7":1},"f":{"0":1},"b":{"0":[1],"1":[6,1],"2":[4,2]}}
,"/Users/zhangyue/Desktop/black/lib/db.ts": {"path":"/Users/zhangyue/Desktop/black/lib/db.ts","statementMap":{"0":{"start":{"line":1,"column":0},"end":{"line":1,"column":48}},"1":{"start":{"line":5,"column":13},"end":{"line":24,"column":2}},"2":{"start":{"line":7,"column":4},"end":{"line":23,"column":7}},"3":{"start":{"line":8,"column":19},"end":{"line":8,"column":38}},"4":{"start":{"line":10,"column":8},"end":{"line":14,"column":11}},"5":{"start":{"line":11,"column":12},"end":{"line":11,"column":null}},"6":{"start":{"line":12,"column":12},"end":{"line":12,"column":24}},"7":{"start":{"line":13,"column":12},"end":{"line":13,"column":35}},"8":{"start":{"line":15,"column":8},"end":{"line":18,"column":11}},"9":{"start":{"line":16,"column":12},"end":{"line":16,"column":26}},"10":{"start":{"line":17,"column":12},"end":{"line":17,"column":35}},"11":{"start":{"line":20,"column":8},"end":{"line":22,"column":52}}},"fnMap":{"0":{"name":"(anonymous_1)","decl":{"start":{"line":5,"column":23},"end":{"line":5,"column":24}},"loc":{"start":{"line":5,"column":78},"end":{"line":24,"column":1}}},"1":{"name":"(anonymous_2)","decl":{"start":{"line":7,"column":23},"end":{"line":7,"column":24}},"loc":{"start":{"line":7,"column":43},"end":{"line":23,"column":5}}},"2":{"name":"(anonymous_3)","decl":{"start":{"line":10,"column":29},"end":{"line":10,"column":32}},"loc":{"start":{"line":10,"column":34},"end":{"line":14,"column":9}}},"3":{"name":"(anonymous_4)","decl":{"start":{"line":15,"column":25},"end":{"line":15,"column":26}},"loc":{"start":{"line":15,"column":35},"end":{"line":18,"column":9}}}},"branchMap":{"0":{"loc":{"start":{"line":11,"column":18},"end":{"line":11,"column":38}},"type":"cond-expr","locations":[{"start":{"line":11,"column":18},"end":{"line":11,"column":38}},{"start":{"line":11,"column":41},"end":{"line":11,"column":43}}]},"1":{"loc":{"start":{"line":21,"column":14},"end":{"line":21,"column":75}},"type":"cond-expr","locations":[{"start":{"line":21,"column":14},"end":{"line":21,"column":75}},{"start":{"line":22,"column":14},"end":{"line":22,"column":51}}]}},"s":{"0":1,"1":1,"2":2,"3":2,"4":2,"5":2,"6":2,"7":2,"8":2,"9":0,"10":0,"11":2},"f":{"0":2,"1":2,"2":2,"3":0},"b":{"0":[0,2],"1":[1,1]}}
,"/Users/zhangyue/Desktop/black/lib/helper.ts": {"path":"/Users/zhangyue/Desktop/black/lib/helper.ts","statementMap":{"0":{"start":{"line":3,"column":13},"end":{"line":10,"column":null}},"1":{"start":{"line":4,"column":4},"end":{"line":8,"column":null}},"2":{"start":{"line":9,"column":4},"end":{"line":9,"column":null}},"3":{"start":{"line":12,"column":13},"end":{"line":15,"column":2}},"4":{"start":{"line":13,"column":4},"end":{"line":13,"column":53}},"5":{"start":{"line":13,"column":41},"end":{"line":13,"column":53}},"6":{"start":{"line":14,"column":4},"end":{"line":14,"column":17}}},"fnMap":{"0":{"name":"(anonymous_0)","decl":{"start":{"line":3,"column":23},"end":{"line":3,"column":24}},"loc":{"start":{"line":3,"column":75},"end":{"line":10,"column":1}}},"1":{"name":"(anonymous_1)","decl":{"start":{"line":12,"column":21},"end":{"line":12,"column":24}},"loc":{"start":{"line":12,"column":26},"end":{"line":15,"column":1}}}},"branchMap":{"0":{"loc":{"start":{"line":3,"column":53},"end":{"line":3,"column":57}},"type":"default-arg","locations":[{"start":{"line":3,"column":53},"end":{"line":3,"column":57}}]},"1":{"loc":{"start":{"line":3,"column":65},"end":{"line":3,"column":71}},"type":"default-arg","locations":[{"start":{"line":3,"column":65},"end":{"line":3,"column":71}}]},"2":{"loc":{"start":{"line":13,"column":4},"end":{"line":13,"column":53}},"type":"if","locations":[{"start":{"line":13,"column":4},"end":{"line":13,"column":53}},{"start":{"line":13,"column":4},"end":{"line":13,"column":53}}]}},"s":{"0":1,"1":1,"2":1,"3":1,"4":2,"5":1,"6":1},"f":{"0":1,"1":2},"b":{"0":[1],"1":[1],"2":[1,1]}}
}
