TN:
SF:lib/date.ts
FN:6,(anonymous_0)
FNF:1
FNH:1
FNDA:1,(anonymous_0)
DA:6,1
DA:10,1
DA:11,1
DA:20,1
DA:22,7
DA:23,6
DA:24,6
DA:30,1
LF:8
LH:8
BRDA:8,0,0,1
BRDA:22,1,0,6
BRDA:22,1,1,1
BRDA:26,2,0,4
BRDA:26,2,1,2
BRF:5
BRH:5
end_of_record
TN:
SF:lib/db.ts
FN:5,(anonymous_1)
FN:7,(anonymous_2)
FN:10,(anonymous_3)
FN:15,(anonymous_4)
FNF:4
FNH:3
FNDA:2,(anonymous_1)
FNDA:2,(anonymous_2)
FNDA:2,(anonymous_3)
FNDA:0,(anonymous_4)
DA:1,1
DA:5,1
DA:7,2
DA:8,2
DA:10,2
DA:11,2
DA:12,2
DA:13,2
DA:15,2
DA:16,0
DA:17,0
DA:20,2
LF:12
LH:10
BRDA:11,0,0,0
BRDA:11,0,1,2
BRDA:21,1,0,1
BRDA:21,1,1,1
BRF:4
BRH:3
end_of_record
TN:
SF:lib/helper.ts
FN:3,(anonymous_0)
FN:12,(anonymous_1)
FNF:2
FNH:2
FNDA:1,(anonymous_0)
FNDA:2,(anonymous_1)
DA:3,1
DA:4,1
DA:9,1
DA:12,1
DA:13,2
DA:14,1
LF:6
LH:6
BRDA:3,0,0,1
BRDA:3,1,0,1
BRDA:13,2,0,1
BRDA:13,2,1,1
BRF:4
BRH:4
end_of_record
